INFO:     Started server process [16072]
INFO:     Waiting for application startup.
{"timestamp": "2026-04-28T07:04:50.233813+00:00", "level": "INFO", "logger": "relational_encyclopedia.startup", "message": "startup_complete", "request_id": "-", "event": "startup_complete", "database_ok": true, "validated_procedures": 16, "error_count": 0, "warning_count": 0}
INFO:     Application startup complete.
INFO:     Uvicorn running on http://127.0.0.1:8000 (Press CTRL+C to quit)
{"timestamp": "2026-04-28T07:04:50.339315+00:00", "level": "INFO", "logger": "relational_encyclopedia.triage", "message": "triage_started", "request_id": "8f73117702b7438e9ed170be93f3034d", "event": "triage_started", "procedure_id": 4}
{"timestamp": "2026-04-28T07:04:50.345928+00:00", "level": "INFO", "logger": "relational_encyclopedia.http", "message": "request_completed", "request_id": "8f73117702b7438e9ed170be93f3034d", "event": "request_completed", "method": "POST", "path": "/triage/start", "status_code": 200, "duration_ms": 37.46}
{"timestamp": "2026-04-28T07:04:54.604224+00:00", "level": "INFO", "logger": "relational_encyclopedia.http", "message": "request_completed", "request_id": "5f6baf1ceebe4105a3d06486234e1be2", "event": "request_completed", "method": "GET", "path": "/health", "status_code": 200, "duration_ms": 2.42}
{"timestamp": "2026-04-28T07:04:54.721492+00:00", "level": "INFO", "logger": "relational_encyclopedia.http", "message": "request_completed", "request_id": "f42f89cf3fcc41c192207cd3ffb9f14c", "event": "request_completed", "method": "GET", "path": "/ready", "status_code": 200, "duration_ms": 4.43}
{"timestamp": "2026-04-28T07:05:13.870771+00:00", "level": "INFO", "logger": "relational_encyclopedia.http", "message": "request_completed", "request_id": "f9f90e8e8d124f3f8bec363c883e4827", "event": "request_completed", "method": "GET", "path": "/health", "status_code": 200, "duration_ms": 1.74}
{"timestamp": "2026-04-28T07:05:30.833910+00:00", "level": "INFO", "logger": "relational_encyclopedia.http", "message": "request_completed", "request_id": "6891671b516d479fb081c92664bd3f3b", "event": "request_completed", "method": "GET", "path": "/docs", "status_code": 200, "duration_ms": 0.53}
{"timestamp": "2026-04-28T07:05:31.385437+00:00", "level": "INFO", "logger": "relational_encyclopedia.search", "message": "search_completed", "request_id": "25015aef518f4402b85597dc43d4a3ba", "event": "search_completed", "procedure_id": 4}
{"timestamp": "2026-04-28T07:05:31.397725+00:00", "level": "INFO", "logger": "relational_encyclopedia.http", "message": "request_completed", "request_id": "25015aef518f4402b85597dc43d4a3ba", "event": "request_completed", "method": "POST", "path": "/search", "status_code": 200, "duration_ms": 289.72}
{"timestamp": "2026-04-28T07:06:54.615589+00:00", "level": "INFO", "logger": "relational_encyclopedia.search", "message": "search_completed", "request_id": "ad0613a7326e4fce89318b63f6b15a2f", "event": "search_completed", "procedure_id": 11}
{"timestamp": "2026-04-28T07:06:54.618824+00:00", "level": "INFO", "logger": "relational_encyclopedia.http", "message": "request_completed", "request_id": "ad0613a7326e4fce89318b63f6b15a2f", "event": "request_completed", "method": "POST", "path": "/search", "status_code": 200, "duration_ms": 217.16}
{"timestamp": "2026-04-28T07:08:14.456973+00:00", "level": "INFO", "logger": "relational_encyclopedia.search", "message": "search_completed", "request_id": "0b71d9ef699d427ab644f55726ffc2ce", "event": "search_completed", "procedure_id": 11}
{"timestamp": "2026-04-28T07:08:14.496548+00:00", "level": "INFO", "logger": "relational_encyclopedia.http", "message": "request_completed", "request_id": "0b71d9ef699d427ab644f55726ffc2ce", "event": "request_completed", "method": "POST", "path": "/search", "status_code": 200, "duration_ms": 254.32}
{"timestamp": "2026-04-28T07:08:28.188162+00:00", "level": "INFO", "logger": "relational_encyclopedia.search", "message": "search_completed", "request_id": "40b200c08ba74696b60ca35a7f5a3b3b", "event": "search_completed", "procedure_id": 2}
{"timestamp": "2026-04-28T07:08:28.227902+00:00", "level": "INFO", "logger": "relational_encyclopedia.http", "message": "request_completed", "request_id": "40b200c08ba74696b60ca35a7f5a3b3b", "event": "request_completed", "method": "POST", "path": "/search", "status_code": 200, "duration_ms": 206.42}
{"timestamp": "2026-04-28T07:09:20.852525+00:00", "level": "INFO", "logger": "relational_encyclopedia.triage", "message": "triage_started", "request_id": "495c73c358c54c4084a7cce19de6a657", "event": "triage_started", "procedure_id": 2}
{"timestamp": "2026-04-28T07:09:20.856640+00:00", "level": "INFO", "logger": "relational_encyclopedia.http", "message": "request_completed", "request_id": "495c73c358c54c4084a7cce19de6a657", "event": "request_completed", "method": "POST", "path": "/triage/start", "status_code": 200, "duration_ms": 36.94}
{"timestamp": "2026-04-28T07:09:20.888002+00:00", "level": "INFO", "logger": "relational_encyclopedia.http", "message": "request_completed", "request_id": "660c0da3e87343a2bc4896e784775092", "event": "request_completed", "method": "GET", "path": "/related/2", "status_code": 200, "duration_ms": 22.43}
{"timestamp": "2026-04-28T07:09:45.551762+00:00", "level": "INFO", "logger": "relational_encyclopedia.triage", "message": "triage_advanced", "request_id": "b1e1fcaa612646e7b53f852791f37be0", "event": "triage_advanced", "node_id": 201}
{"timestamp": "2026-04-28T07:09:45.555751+00:00", "level": "INFO", "logger": "relational_encyclopedia.http", "message": "request_completed", "request_id": "b1e1fcaa612646e7b53f852791f37be0", "event": "request_completed", "method": "POST", "path": "/triage/next", "status_code": 200, "duration_ms": 77.47}
{"timestamp": "2026-04-28T07:10:51.705825+00:00", "level": "INFO", "logger": "relational_encyclopedia.search", "message": "search_completed", "request_id": "0e1ffeb072e343f485df708f15d85a30", "event": "search_completed", "procedure_id": 1}
{"timestamp": "2026-04-28T07:10:51.709315+00:00", "level": "INFO", "logger": "relational_encyclopedia.http", "message": "request_completed", "request_id": "0e1ffeb072e343f485df708f15d85a30", "event": "request_completed", "method": "POST", "path": "/search", "status_code": 200, "duration_ms": 145.23}
{"timestamp": "2026-04-28T07:10:59.875720+00:00", "level": "INFO", "logger": "relational_encyclopedia.triage", "message": "triage_started", "request_id": "3b266c5a9c2e41caa8293ebdbdb39d02", "event": "triage_started", "procedure_id": 1}
{"timestamp": "2026-04-28T07:10:59.885680+00:00", "level": "INFO", "logger": "relational_encyclopedia.http", "message": "request_completed", "request_id": "3b266c5a9c2e41caa8293ebdbdb39d02", "event": "request_completed", "method": "POST", "path": "/triage/start", "status_code": 200, "duration_ms": 48.69}
{"timestamp": "2026-04-28T07:10:59.951992+00:00", "level": "INFO", "logger": "relational_encyclopedia.http", "message": "request_completed", "request_id": "99385b0a7fbd4508912ea4b6772aeafa", "event": "request_completed", "method": "GET", "path": "/related/1", "status_code": 200, "duration_ms": 41.41}
{"timestamp": "2026-04-28T07:11:06.199328+00:00", "level": "INFO", "logger": "relational_encyclopedia.triage", "message": "triage_advanced", "request_id": "67e3468bedac4a3fbd5487c8ae1aae10", "event": "triage_advanced", "node_id": 101}
{"timestamp": "2026-04-28T07:11:06.202372+00:00", "level": "INFO", "logger": "relational_encyclopedia.http", "message": "request_completed", "request_id": "67e3468bedac4a3fbd5487c8ae1aae10", "event": "request_completed", "method": "POST", "path": "/triage/next", "status_code": 200, "duration_ms": 34.21}
{"timestamp": "2026-04-28T07:11:10.134308+00:00", "level": "INFO", "logger": "relational_encyclopedia.triage", "message": "triage_advanced", "request_id": "8193a634527f45c695745b718b5a1730", "event": "triage_advanced", "node_id": 102}
{"timestamp": "2026-04-28T07:11:10.137817+00:00", "level": "INFO", "logger": "relational_encyclopedia.http", "message": "request_completed", "request_id": "8193a634527f45c695745b718b5a1730", "event": "request_completed", "method": "POST", "path": "/triage/next", "status_code": 200, "duration_ms": 76.52}
{"timestamp": "2026-04-28T07:35:40.287880+00:00", "level": "INFO", "logger": "relational_encyclopedia.search", "message": "search_completed", "request_id": "44db5aa7701a4880ac122a19f57cb34a", "event": "search_completed", "procedure_id": 2}
{"timestamp": "2026-04-28T07:35:40.304839+00:00", "level": "INFO", "logger": "relational_encyclopedia.http", "message": "request_completed", "request_id": "44db5aa7701a4880ac122a19f57cb34a", "event": "request_completed", "method": "POST", "path": "/search", "status_code": 200, "duration_ms": 856.44}
{"timestamp": "2026-04-28T07:35:53.748372+00:00", "level": "INFO", "logger": "relational_encyclopedia.triage", "message": "triage_started", "request_id": "bfafba90400f4437bb6e512006e5de52", "event": "triage_started", "procedure_id": 2}
{"timestamp": "2026-04-28T07:35:53.757740+00:00", "level": "INFO", "logger": "relational_encyclopedia.http", "message": "request_completed", "request_id": "bfafba90400f4437bb6e512006e5de52", "event": "request_completed", "method": "POST", "path": "/triage/start", "status_code": 200, "duration_ms": 67.61}
{"timestamp": "2026-04-28T07:35:53.793962+00:00", "level": "INFO", "logger": "relational_encyclopedia.http", "message": "request_completed", "request_id": "bb50802716814acba8b1b58165a23751", "event": "request_completed", "method": "GET", "path": "/related/2", "status_code": 200, "duration_ms": 27.72}
{"timestamp": "2026-04-28T07:35:53.938996+00:00", "level": "INFO", "logger": "relational_encyclopedia.triage", "message": "triage_started", "request_id": "24e3bdd893c54ec19ffadb74e35ae9f5", "event": "triage_started", "procedure_id": 2}
{"timestamp": "2026-04-28T07:35:53.951837+00:00", "level": "INFO", "logger": "relational_encyclopedia.http", "message": "request_completed", "request_id": "24e3bdd893c54ec19ffadb74e35ae9f5", "event": "request_completed", "method": "POST", "path": "/triage/start", "status_code": 200, "duration_ms": 55.04}
{"timestamp": "2026-04-28T07:35:53.988524+00:00", "level": "INFO", "logger": "relational_encyclopedia.http", "message": "request_completed", "request_id": "2f43de932a0b46168712ec29190966e8", "event": "request_completed", "method": "GET", "path": "/related/2", "status_code": 200, "duration_ms": 23.71}
{"timestamp": "2026-04-28T07:36:04.703489+00:00", "level": "INFO", "logger": "relational_encyclopedia.triage", "message": "triage_advanced", "request_id": "e09c6acf854f48c78e6247aeb5f60b16", "event": "triage_advanced", "node_id": 201}
{"timestamp": "2026-04-28T07:36:04.706618+00:00", "level": "INFO", "logger": "relational_encyclopedia.http", "message": "request_completed", "request_id": "e09c6acf854f48c78e6247aeb5f60b16", "event": "request_completed", "method": "POST", "path": "/triage/next", "status_code": 200, "duration_ms": 44.99}
{"timestamp": "2026-04-28T08:58:25.551509+00:00", "level": "INFO", "logger": "relational_encyclopedia.search", "message": "search_completed", "request_id": "ac67e54bcd2d4e40944b7154659644e1", "event": "search_completed", "procedure_id": 2}
{"timestamp": "2026-04-28T08:58:25.561975+00:00", "level": "INFO", "logger": "relational_encyclopedia.http", "message": "request_completed", "request_id": "ac67e54bcd2d4e40944b7154659644e1", "event": "request_completed", "method": "POST", "path": "/search", "status_code": 200, "duration_ms": 308.65}
{"timestamp": "2026-04-28T08:58:55.075460+00:00", "level": "INFO", "logger": "relational_encyclopedia.triage", "message": "triage_started", "request_id": "6ad47d4afc344c0dbd9d3067904aa13c", "event": "triage_started", "procedure_id": 2}
{"timestamp": "2026-04-28T08:58:55.086647+00:00", "level": "INFO", "logger": "relational_encyclopedia.http", "message": "request_completed", "request_id": "6ad47d4afc344c0dbd9d3067904aa13c", "event": "request_completed", "method": "POST", "path": "/triage/start", "status_code": 200, "duration_ms": 67.92}
{"timestamp": "2026-04-28T08:58:55.132955+00:00", "level": "INFO", "logger": "relational_encyclopedia.http", "message": "request_completed", "request_id": "4b231ca1e08d48c7882ead9029bc58c8", "event": "request_completed", "method": "GET", "path": "/related/2", "status_code": 200, "duration_ms": 35.93}
{"timestamp": "2026-04-28T08:59:18.367631+00:00", "level": "INFO", "logger": "relational_encyclopedia.triage", "message": "triage_advanced", "request_id": "2d8876d189e14171a8cb172e1c068675", "event": "triage_advanced", "node_id": 201}
{"timestamp": "2026-04-28T08:59:18.372287+00:00", "level": "INFO", "logger": "relational_encyclopedia.http", "message": "request_completed", "request_id": "2d8876d189e14171a8cb172e1c068675", "event": "request_completed", "method": "POST", "path": "/triage/next", "status_code": 200, "duration_ms": 62.56}
{"timestamp": "2026-04-28T09:45:05.049613+00:00", "level": "INFO", "logger": "relational_encyclopedia.search", "message": "search_completed", "request_id": "e5c8f0836bee45059ed2c3501ea4f97a", "event": "search_completed", "procedure_id": 9}
{"timestamp": "2026-04-28T09:45:05.064708+00:00", "level": "INFO", "logger": "relational_encyclopedia.http", "message": "request_completed", "request_id": "e5c8f0836bee45059ed2c3501ea4f97a", "event": "request_completed", "method": "POST", "path": "/search", "status_code": 200, "duration_ms": 500.02}
{"timestamp": "2026-04-28T10:12:05.438712+00:00", "level": "INFO", "logger": "relational_encyclopedia.http", "message": "request_completed", "request_id": "86225c119bab4a92a953e71bc4ed9093", "event": "request_completed", "method": "GET", "path": "/ops/session", "status_code": 200, "duration_ms": 68.53}
{"timestamp": "2026-04-28T10:12:05.444964+00:00", "level": "INFO", "logger": "relational_encyclopedia.http", "message": "request_completed", "request_id": "5929525684df4c8b9062af42364eb79d", "event": "request_completed", "method": "GET", "path": "/ops/session", "status_code": 200, "duration_ms": 62.58}
{"timestamp": "2026-04-28T10:12:14.772009+00:00", "level": "INFO", "logger": "relational_encyclopedia.http", "message": "request_completed", "request_id": "b65d62cd93e640189af779e31ee9386c", "event": "request_completed", "method": "GET", "path": "/ops/session", "status_code": 200, "duration_ms": 5.13}
{"timestamp": "2026-04-28T10:12:14.780627+00:00", "level": "INFO", "logger": "relational_encyclopedia.http", "message": "request_completed", "request_id": "46cfe11ea92849d4934ec43ad3d3f074", "event": "request_completed", "method": "GET", "path": "/ops/session", "status_code": 200, "duration_ms": 3.42}
{"timestamp": "2026-04-28T10:18:35.943960+00:00", "level": "INFO", "logger": "relational_encyclopedia.search", "message": "search_completed", "request_id": "333abe7a704b44f78f8630af9ba58eaf", "event": "search_completed", "procedure_id": 1}
{"timestamp": "2026-04-28T10:18:35.957216+00:00", "level": "INFO", "logger": "relational_encyclopedia.http", "message": "request_completed", "request_id": "333abe7a704b44f78f8630af9ba58eaf", "event": "request_completed", "method": "POST", "path": "/search", "status_code": 200, "duration_ms": 449.27}
{"timestamp": "2026-04-28T11:02:48.421645+00:00", "level": "INFO", "logger": "relational_encyclopedia.triage", "message": "triage_started", "request_id": "08399360d52244a8825219a854e675b5", "event": "triage_started", "procedure_id": 1}
{"timestamp": "2026-04-28T11:02:48.431892+00:00", "level": "INFO", "logger": "relational_encyclopedia.http", "message": "request_completed", "request_id": "08399360d52244a8825219a854e675b5", "event": "request_completed", "method": "POST", "path": "/triage/start", "status_code": 200, "duration_ms": 195.66}
{"timestamp": "2026-04-28T11:02:48.479761+00:00", "level": "INFO", "logger": "relational_encyclopedia.http", "message": "request_completed", "request_id": "7d2db4baa010450aa0a5ec2621b20881", "event": "request_completed", "method": "GET", "path": "/related/1", "status_code": 200, "duration_ms": 35.48}
{"timestamp": "2026-04-28T11:14:06.819797+00:00", "level": "WARNING", "logger": "relational_encyclopedia.http", "message": "request_completed", "request_id": "4be912dce6a9497a91343f3b33504113", "event": "request_completed", "method": "GET", "path": "/", "status_code": 404, "duration_ms": 23.46}
{"timestamp": "2026-04-28T11:14:06.938688+00:00", "level": "WARNING", "logger": "relational_encyclopedia.http", "message": "request_completed", "request_id": "805489e1c2684790ba0f3779a63a3762", "event": "request_completed", "method": "GET", "path": "/favicon.ico", "status_code": 404, "duration_ms": 2.8}
